Determining if the pthread_create exist failed with the following output:
Change Dir: /home/6im2/ldussouc/Documents/c++/tds/opengl_s1/GLImac-Template-build/CMakeFiles/CMakeTmp

Run Build Command:"/usr/bin/make" "cmTryCompileExec902320497/fast"
/usr/bin/make -f CMakeFiles/cmTryCompileExec902320497.dir/build.make CMakeFiles/cmTryCompileExec902320497.dir/build
make[1]: Entering directory '/home/6im2/ldussouc/Documents/c++/tds/opengl_s1/GLImac-Template-build/CMakeFiles/CMakeTmp'
/usr/bin/cmake -E cmake_progress_report /home/6im2/ldussouc/Documents/c++/tds/opengl_s1/GLImac-Template-build/CMakeFiles/CMakeTmp/CMakeFiles 1
Building C object CMakeFiles/cmTryCompileExec902320497.dir/CheckSymbolExists.c.o
/usr/bin/cc    -o CMakeFiles/cmTryCompileExec902320497.dir/CheckSymbolExists.c.o   -c /home/6im2/ldussouc/Documents/c++/tds/opengl_s1/GLImac-Template-build/CMakeFiles/CMakeTmp/CheckSymbolExists.c
Linking C executable cmTryCompileExec902320497
/usr/bin/cmake -E cmake_link_script CMakeFiles/cmTryCompileExec902320497.dir/link.txt --verbose=1
/usr/bin/cc       CMakeFiles/cmTryCompileExec902320497.dir/CheckSymbolExists.c.o  -o cmTryCompileExec902320497 -rdynamic 
CMakeFiles/cmTryCompileExec902320497.dir/CheckSymbolExists.c.o: dans la fonction « main »:
CheckSymbolExists.c:(.text+0x16): référence indéfinie vers « pthread_create »
collect2: error: ld returned 1 exit status
CMakeFiles/cmTryCompileExec902320497.dir/build.make:88: recipe for target 'cmTryCompileExec902320497' failed
make[1]: Leaving directory '/home/6im2/ldussouc/Documents/c++/tds/opengl_s1/GLImac-Template-build/CMakeFiles/CMakeTmp'
make[1]: *** [cmTryCompileExec902320497] Error 1
Makefile:118: recipe for target 'cmTryCompileExec902320497/fast' failed
make: *** [cmTryCompileExec902320497/fast] Error 2

File /home/6im2/ldussouc/Documents/c++/tds/opengl_s1/GLImac-Template-build/CMakeFiles/CMakeTmp/CheckSymbolExists.c:
/* */
#include <pthread.h>

int main(int argc, char** argv)
{
  (void)argv;
#ifndef pthread_create
  return ((int*)(&pthread_create))[argc];
#else
  (void)argc;
  return 0;
#endif
}

Determining if the function pthread_create exists in the pthreads failed with the following output:
Change Dir: /home/6im2/ldussouc/Documents/c++/tds/opengl_s1/GLImac-Template-build/CMakeFiles/CMakeTmp

Run Build Command:"/usr/bin/make" "cmTryCompileExec2279253752/fast"
/usr/bin/make -f CMakeFiles/cmTryCompileExec2279253752.dir/build.make CMakeFiles/cmTryCompileExec2279253752.dir/build
make[1]: Entering directory '/home/6im2/ldussouc/Documents/c++/tds/opengl_s1/GLImac-Template-build/CMakeFiles/CMakeTmp'
/usr/bin/cmake -E cmake_progress_report /home/6im2/ldussouc/Documents/c++/tds/opengl_s1/GLImac-Template-build/CMakeFiles/CMakeTmp/CMakeFiles 1
Building C object CMakeFiles/cmTryCompileExec2279253752.dir/CheckFunctionExists.c.o
/usr/bin/cc   -DCHECK_FUNCTION_EXISTS=pthread_create   -o CMakeFiles/cmTryCompileExec2279253752.dir/CheckFunctionExists.c.o   -c /usr/share/cmake-3.0/Modules/CheckFunctionExists.c
Linking C executable cmTryCompileExec2279253752
/usr/bin/cmake -E cmake_link_script CMakeFiles/cmTryCompileExec2279253752.dir/link.txt --verbose=1
/usr/bin/cc   -DCHECK_FUNCTION_EXISTS=pthread_create    CMakeFiles/cmTryCompileExec2279253752.dir/CheckFunctionExists.c.o  -o cmTryCompileExec2279253752 -rdynamic -lpthreads 
/usr/bin/ld: ne peut trouver -lpthreads
collect2: error: ld returned 1 exit status
CMakeFiles/cmTryCompileExec2279253752.dir/build.make:88: recipe for target 'cmTryCompileExec2279253752' failed
make[1]: Leaving directory '/home/6im2/ldussouc/Documents/c++/tds/opengl_s1/GLImac-Template-build/CMakeFiles/CMakeTmp'
make[1]: *** [cmTryCompileExec2279253752] Error 1
Makefile:118: recipe for target 'cmTryCompileExec2279253752/fast' failed
make: *** [cmTryCompileExec2279253752/fast] Error 2


